<?xml version="1.0" encoding="UTF-8"?>
<testng-results ignored="0" total="1" passed="1" failed="0" skipped="0">
  <reporter-output>
  </reporter-output>
  <suite started-at="2024-05-23T05:09:15 PDT" name="Default suite" finished-at="2024-05-23T05:14:42 PDT" duration-ms="327317">
    <groups>
    </groups>
    <test started-at="2024-05-23T05:09:15 PDT" name="Default test" finished-at="2024-05-23T05:14:42 PDT" duration-ms="327317">
      <class name="ede_partner_testcases4.TestCase_27">
        <test-method is-config="true" signature="openBrowser()[pri:0, instance:ede_partner_testcases4.TestCase_27@662b4c69]" started-at="2024-05-23T05:09:15 PDT" name="openBrowser" finished-at="2024-05-23T05:09:18 PDT" duration-ms="2923" status="PASS">
          <reporter-output>
          </reporter-output>
        </test-method> <!-- openBrowser -->
        <test-method signature="TestCase_27()[pri:0, instance:ede_partner_testcases4.TestCase_27@662b4c69]" started-at="2024-05-23T05:09:18 PDT" name="TestCase_27" finished-at="2024-05-23T05:14:39 PDT" duration-ms="321482" status="PASS">
          <reporter-output>
          </reporter-output>
        </test-method> <!-- TestCase_27 -->
        <test-method is-config="true" signature="closeBrowser()[pri:0, instance:ede_partner_testcases4.TestCase_27@662b4c69]" started-at="2024-05-23T05:14:39 PDT" name="closeBrowser" finished-at="2024-05-23T05:14:42 PDT" duration-ms="2861" status="PASS">
          <reporter-output>
          </reporter-output>
        </test-method> <!-- closeBrowser -->
        <test-method is-config="true" signature="finish()[pri:0, instance:ede_partner_testcases4.TestCase_27@662b4c69]" started-at="2024-05-23T05:14:42 PDT" name="finish" finished-at="2024-05-23T05:14:43 PDT" duration-ms="441" status="PASS">
          <reporter-output>
          </reporter-output>
        </test-method> <!-- finish -->
      </class> <!-- ede_partner_testcases4.TestCase_27 -->
    </test> <!-- Default test -->
  </suite> <!-- Default suite -->
</testng-results>
